[GIN-debug] POST   /api/v1/sys-user/register --> kcloudb1/internal/handlers/user_handler.CreateSysUser (4 handlers)
[GIN-debug] POST   /api/v1/sys-user/login    --> kcloudb1/internal/handlers/user_handler.LoginSysUser (4 handlers)
[GIN-debug] GET    /api/v1/sys-user/list     --> kcloudb1/internal/handlers/user_handler.GetSysUserList (4 handlers)
[GIN-debug] GET    /api/v1/sys-user/get      --> kcloudb1/internal/handlers/user_handler.GetSysUser (4 handlers)
[GIN-debug] PATCH  /api/v1/sys-user/update   --> kcloudb1/internal/handlers/user_handler.UpdateSysUser (4 handlers)
[GIN-debug] DELETE /api/v1/sys-user/delete   --> kcloudb1/internal/handlers/user_handler.DeleteSysUser (4 handlers)
[GIN-debug] POST   /api/v1/user/register     --> kcloudb1/internal/handlers/user_handler.CreateUser (4 handlers)
[GIN-debug] GET    /api/v1/user/list         --> kcloudb1/internal/handlers/user_handler.GetUserList (4 handlers)
[GIN-debug] GET    /api/v1/user/get          --> kcloudb1/internal/handlers/user_handler.GetUser (4 handlers)
[GIN-debug] PATCH  /api/v1/user/update       --> kcloudb1/internal/handlers/user_handler.UpdateUser (4 handlers)
[GIN-debug] DELETE /api/v1/user/delete       --> kcloudb1/internal/handlers/user_handler.DeleteUser (4 handlers)
[GIN-debug] POST   /api/v1/service-log/      --> kcloudb1/internal/handlers/user_handler.CreateServiceLog (4 handlers)
[GIN-debug] GET    /api/v1/service-log/      --> kcloudb1/internal/handlers/user_handler.GetServiceLogList (4 handlers)
[GIN-debug] PATCH  /api/v1/service-log/      --> kcloudb1/internal/handlers/user_handler.UpdateServiceLog (4 handlers)
[GIN-debug] DELETE /api/v1/service-log/      --> kcloudb1/internal/handlers/user_handler.DeleteServiceLog (4 handlers)
[GIN-debug] POST   /api/v1/song/             --> kcloudb1/internal/handlers/song_handler.CreateSong (4 handlers)
[GIN-debug] PATCH  /api/v1/song/             --> kcloudb1/internal/handlers/song_handler.UpdateSong (4 handlers)
[GIN-debug] GET    /api/v1/song/             --> kcloudb1/internal/handlers/song_handler.GetSongList (4 handlers)
[GIN-debug] GET    /api/v1/song/by-id        --> kcloudb1/internal/handlers/song_handler.GetSong (4 handlers)
[GIN-debug] DELETE /api/v1/song/by-id        --> kcloudb1/internal/handlers/song_handler.DeleteSong (4 handlers)
[GIN-debug] POST   /api/v1/song-category/    --> kcloudb1/internal/handlers/song_handler.CreateSongCategory (4 handlers)
[GIN-debug] PATCH  /api/v1/song-category/    --> kcloudb1/internal/handlers/song_handler.UpdateSongCategory (4 handlers)
[GIN-debug] GET    /api/v1/song-category/    --> kcloudb1/internal/handlers/song_handler.GetSongCategoryList (4 handlers)
[GIN-debug] GET    /api/v1/song-category/by-id --> kcloudb1/internal/handlers/song_handler.GetSongCategory (4 handlers)
[GIN-debug] DELETE /api/v1/song-category/by-id --> kcloudb1/internal/handlers/song_handler.DeleteSongCategory (4 handlers)
[GIN-debug] POST   /api/v1/song-category-combination/ --> kcloudb1/internal/handlers/song_handler.CreateSongCategoryCombination (4 handlers)
[GIN-debug] PATCH  /api/v1/song-category-combination/ --> kcloudb1/internal/handlers/song_handler.UpdateSongCategoryCombination (4 handlers)
[GIN-debug] GET    /api/v1/song-category-combination/ --> kcloudb1/internal/handlers/song_handler.GetSongCategoryCombinationList (4 handlers)
[GIN-debug] GET    /api/v1/song-category-combination/by-id --> kcloudb1/internal/handlers/song_handler.GetSongCategoryCombination (4 handlers)
[GIN-debug] DELETE /api/v1/song-category-combination/by-id --> kcloudb1/internal/handlers/song_handler.DeleteSongCategoryCombination (4 handlers)
[GIN-debug] POST   /api/v1/org/              --> kcloudb1/internal/handlers/org_handler.CreateOrg (4 handlers)
[GIN-debug] PATCH  /api/v1/org/              --> kcloudb1/internal/handlers/org_handler.UpdateOrg (4 handlers)
[GIN-debug] GET    /api/v1/org/              --> kcloudb1/internal/handlers/org_handler.GetOrgList (4 handlers)
[GIN-debug] GET    /api/v1/org/by-id         --> kcloudb1/internal/handlers/org_handler.GetOrg (4 handlers)
[GIN-debug] DELETE /api/v1/org/by-id         --> kcloudb1/internal/handlers/org_handler.DeleteOrg (4 handlers)
[GIN-debug] POST   /api/v1/language/         --> kcloudb1/internal/handlers/common_handler.CreateLanguage (4 handlers)
[GIN-debug] GET    /api/v1/language/         --> kcloudb1/internal/handlers/common_handler.GetLanguageList (4 handlers)
[GIN-debug] PATCH  /api/v1/language/         --> kcloudb1/internal/handlers/common_handler.UpdateLanguage (4 handlers)
[GIN-debug] DELETE /api/v1/language/         --> kcloudb1/internal/handlers/common_handler.DeleteLanguage (4 handlers)
[GIN-debug] POST   /api/v1/artist-type/      --> kcloudb1/internal/handlers/artist_handler.CreateArtistType (4 handlers)
[GIN-debug] GET    /api/v1/artist-type/      --> kcloudb1/internal/handlers/artist_handler.GetArtistTypeList (4 handlers)
[GIN-debug] GET    /api/v1/artist-type/by-id --> kcloudb1/internal/handlers/artist_handler.GetArtistType (4 handlers)
[GIN-debug] DELETE /api/v1/artist-type/by-id --> kcloudb1/internal/handlers/artist_handler.DeleteArtistType (4 handlers)
[GIN-debug] PATCH  /api/v1/artist-type/      --> kcloudb1/internal/handlers/artist_handler.UpdateArtistType (4 handlers)
[GIN-debug] GET    /api/v1/artist-type/by-type --> kcloudb1/internal/handlers/artist_handler.GetArtistTypeListByType (4 handlers)
[GIN-debug] POST   /api/v1/artist-song/      --> kcloudb1/internal/handlers/artist_handler.CreateArtistSong (4 handlers)
[GIN-debug] GET    /api/v1/artist-song/      --> kcloudb1/internal/handlers/artist_handler.GetArtistSongList (4 handlers)
[GIN-debug] GET    /api/v1/artist-song/by-id --> kcloudb1/internal/handlers/artist_handler.GetArtistSong (4 handlers)
[GIN-debug] DELETE /api/v1/artist-song/by-id --> kcloudb1/internal/handlers/artist_handler.DeleteArtistSong (4 handlers)
[GIN-debug] PATCH  /api/v1/artist-song/      --> kcloudb1/internal/handlers/artist_handler.UpdateArtistSong (4 handlers)
[GIN-debug] POST   /api/v1/artist-profile/   --> kcloudb1/internal/handlers/artist_handler.CreateArtistProfile (4 handlers)
[GIN-debug] GET    /api/v1/artist-profile/   --> kcloudb1/internal/handlers/artist_handler.GetArtistProfileList (4 handlers)
[GIN-debug] GET    /api/v1/artist-profile/by-id --> kcloudb1/internal/handlers/artist_handler.GetArtistProfile (4 handlers)
[GIN-debug] DELETE /api/v1/artist-profile/by-id --> kcloudb1/internal/handlers/artist_handler.DeleteArtistProfile (4 handlers)
[GIN-debug] PATCH  /api/v1/artist-profile/   --> kcloudb1/internal/handlers/artist_handler.UpdateArtistProfile (4 handlers)
[GIN-debug] POST   /api/v1/artist-member/    --> kcloudb1/internal/handlers/artist_handler.CreateArtistMember (4 handlers)
[GIN-debug] GET    /api/v1/artist-member/    --> kcloudb1/internal/handlers/artist_handler.GetArtistMemberList (4 handlers)
[GIN-debug] GET    /api/v1/artist-member/by-id --> kcloudb1/internal/handlers/artist_handler.GetArtistMember (4 handlers)
[GIN-debug] DELETE /api/v1/artist-member/by-id --> kcloudb1/internal/handlers/artist_handler.DeleteArtistMember (4 handlers)
[GIN-debug] PATCH  /api/v1/artist-member/    --> kcloudb1/internal/handlers/artist_handler.UpdateArtistMember (4 handlers)
[GIN-debug] POST   /api/v1/artist-member-song/ --> kcloudb1/internal/handlers/artist_handler.CreateArtistMemberSong (4 handlers)
[GIN-debug] GET    /api/v1/artist-member-song/ --> kcloudb1/internal/handlers/artist_handler.GetArtistMemberSongList (4 handlers)
[GIN-debug] DELETE /api/v1/artist-member-song/by-id --> kcloudb1/internal/handlers/artist_handler.DeleteArtistMemberSong (4 handlers)
[GIN-debug] PATCH  /api/v1/artist-member-song/ --> kcloudb1/internal/handlers/artist_handler.UpdateArtistMemberSong (4 handlers)
[GIN-debug] [WARNING] You trusted all proxies, this is NOT safe. We recommend you to set a value.
Please check https://pkg.go.dev/github.com/gin-gonic/gin#readme-don-t-trust-all-proxies for details.
[GIN-debug] Environment variable PORT is undefined. Using port :8080 by default
[GIN-debug] Listening and serving HTTP on :8080
